<?xml version="1.0" encoding="UTF-8"?>
<testng-results ignored="0" total="2" passed="2" failed="0" skipped="0">
  <reporter-output>
  </reporter-output>
  <suite started-at="2021-04-05T00:02:55 IST" name="Default suite" finished-at="2021-04-05T00:03:10 IST" duration-ms="14793">
    <groups>
    </groups>
    <test started-at="2021-04-05T00:02:55 IST" name="Default test" finished-at="2021-04-05T00:03:10 IST" duration-ms="14793">
      <class name="com.crm.testcases.CRMLogin">
        <test-method is-config="true" signature="SetUpData()[pri:0, instance:com.crm.testcases.CRMLogin@770d3326]" started-at="2021-04-05T00:02:54 IST" name="SetUpData" finished-at="2021-04-05T00:02:55 IST" duration-ms="858" status="PASS">
          <reporter-output>
          </reporter-output>
        </test-method> <!-- SetUpData -->
        <test-method is-config="true" signature="setUp()[pri:0, instance:com.crm.testcases.CRMLogin@770d3326]" started-at="2021-04-05T00:02:55 IST" name="setUp" finished-at="2021-04-05T00:03:03 IST" duration-ms="7665" status="PASS">
          <reporter-output>
          </reporter-output>
        </test-method> <!-- setUp -->
        <test-method signature="Login()[pri:0, instance:com.crm.testcases.CRMLogin@770d3326]" started-at="2021-04-05T00:03:03 IST" name="Login" finished-at="2021-04-05T00:03:03 IST" duration-ms="591" status="PASS">
          <reporter-output>
          </reporter-output>
        </test-method> <!-- Login -->
        <test-method is-config="true" signature="tearDownMethod(org.testng.ITestResult)[pri:0, instance:com.crm.testcases.CRMLogin@770d3326]" started-at="2021-04-05T00:03:03 IST" name="tearDownMethod" finished-at="2021-04-05T00:03:04 IST" duration-ms="780" status="PASS">
          <params>
            <param index="0">
              <value>
                <![CDATA[[TestResult name=Login status=SUCCESS method=CRMLogin.Login()[pri:0, instance:com.crm.testcases.CRMLogin@770d3326] output={null}]]]>
              </value>
            </param>
          </params>
          <reporter-output>
          </reporter-output>
        </test-method> <!-- tearDownMethod -->
        <test-method signature="MContact()[pri:0, instance:com.crm.testcases.CRMLogin@770d3326]" started-at="2021-04-05T00:03:04 IST" name="MContact" finished-at="2021-04-05T00:03:08 IST" duration-ms="4372" status="PASS">
          <reporter-output>
          </reporter-output>
        </test-method> <!-- MContact -->
        <test-method is-config="true" signature="tearDownMethod(org.testng.ITestResult)[pri:0, instance:com.crm.testcases.CRMLogin@770d3326]" started-at="2021-04-05T00:03:08 IST" name="tearDownMethod" finished-at="2021-04-05T00:03:09 IST" duration-ms="481" status="PASS">
          <params>
            <param index="0">
              <value>
                <![CDATA[[TestResult name=MContact status=SUCCESS method=CRMLogin.MContact()[pri:0, instance:com.crm.testcases.CRMLogin@770d3326] output={null}]]]>
              </value>
            </param>
          </params>
          <reporter-output>
          </reporter-output>
        </test-method> <!-- tearDownMethod -->
        <test-method is-config="true" signature="tearDown()[pri:0, instance:com.crm.testcases.CRMLogin@770d3326]" started-at="2021-04-05T00:03:09 IST" name="tearDown" finished-at="2021-04-05T00:03:10 IST" duration-ms="853" status="PASS">
          <reporter-output>
          </reporter-output>
        </test-method> <!-- tearDown -->
      </class> <!-- com.crm.testcases.CRMLogin -->
    </test> <!-- Default test -->
  </suite> <!-- Default suite -->
</testng-results>
